[1/9] Performing build step for 'bootloader'
[1/1] C:\WINDOWS\system32\cmd.exe /C "cd /D C:\Espressif\frameworks\esp-idf-v5.4\Project_Code\ROBOT_controler\robot_controller_1_0\build\bootloader\esp-idf\esptool_py && C:\Espressif\python_env\idf5.4_py3.11_env\Scripts\python.exe C:/Espressif/frameworks/esp-idf-v5.4/components/partition_table/check_sizes.py --offset 0x8000 bootloader 0x1000 C:/Espressif/frameworks/esp-idf-v5.4/Project_Code/ROBOT_controler/robot_controller_1_0/build/bootloader/bootloader.bin"
Bootloader binary size 0x6560 bytes. 0xaa0 bytes (9%) free.
[2/9] No install step for 'bootloader'
[3/9] Completed 'bootloader'
[4/9] Building C object esp-idf/main/CMakeFiles/__idf_main.dir/pcnt_unit.c.obj
In file included from C:/Espressif/frameworks/esp-idf-v5.4/Project_Code/ROBOT_controler/robot_controller_1_0/main/pcnt_unit.c:1:
C:/Espressif/frameworks/esp-idf-v5.4/Project_Code/ROBOT_controler/robot_controller_1_0/main/robot_controller.h:57:23: warning: 'LEDC_CHANNEL' defined but not used [-Wunused-variable]
   57 | static ledc_channel_t LEDC_CHANNEL[NUM_PINS];
      |                       ^~~~~~~~~~~~
[5/9] Linking C static library esp-idf\main\libmain.a
[6/9] Generating ld/sections.ld
[7/9] Linking CXX executable robot_controller_1_0.elf
FAILED: robot_controller_1_0.elf 
C:\WINDOWS\system32\cmd.exe /C "cd . && C:\Espressif\tools\xtensa-esp-elf\esp-14.2.0_20241119\xtensa-esp-elf\bin\xtensa-esp32-elf-g++.exe -mlongcalls -Wno-frame-address  -fno-builtin-memcpy -fno-builtin-memset -fno-builtin-bzero -fno-builtin-stpcpy -fno-builtin-strncpy -Wl,--cref -Wl,--defsym=IDF_TARGET_ESP32=0 -Wl,--Map=C:/Espressif/frameworks/esp-idf-v5.4/Project_Code/ROBOT_controler/robot_controller_1_0/build/robot_controller_1_0.map -Wl,--no-warn-rwx-segments -Wl,--orphan-handling=warn -fno-rtti -fno-lto -Wl,--gc-sections -Wl,--warn-common -T esp32.peripherals.ld -T esp32.rom.ld -T esp32.rom.api.ld -T esp32.rom.libgcc.ld -T esp32.rom.newlib-data.ld -T esp32.rom.syscalls.ld -T esp32.rom.newlib-funcs.ld -T memory.ld -T sections.ld @CMakeFiles\robot_controller_1_0.elf.rsp -o robot_controller_1_0.elf && cd ."
C:/Espressif/tools/xtensa-esp-elf/esp-14.2.0_20241119/xtensa-esp-elf/bin/../lib/gcc/xtensa-esp-elf/14.2.0/../../../../xtensa-esp-elf/bin/ld.exe: esp-idf/main/libmain.a(pwm_controller.c.obj):C:/Espressif/frameworks/esp-idf-v5.4/Project_Code/ROBOT_controler/robot_controller_1_0/main/robot_controller.h:74: multiple definition of `Data_Buff'; esp-idf/main/libmain.a(robot_controller_1_0.c.obj):C:/Espressif/frameworks/esp-idf-v5.4/Project_Code/ROBOT_controler/robot_controller_1_0/main/robot_controller.h:74: first defined here
collect2.exe: error: ld returned 1 exit status
ninja: build stopped: subcommand failed.
