[1/10] Building C object esp-idf/main/CMakeFiles/__idf_main.dir/UART.c.obj
[2/10] Performing build step for 'bootloader'
[1/1] C:\WINDOWS\system32\cmd.exe /C "cd /D C:\Espressif\frameworks\esp-idf-v5.4\Project_Code\main_controler_1.1\control_1.3\build\bootloader\esp-idf\esptool_py && C:\Espressif\python_env\idf5.4_py3.11_env\Scripts\python.exe C:/Espressif/frameworks/esp-idf-v5.4/components/partition_table/check_sizes.py --offset 0x8000 bootloader 0x1000 C:/Espressif/frameworks/esp-idf-v5.4/Project_Code/main_controler_1.1/control_1.3/build/bootloader/bootloader.bin"
Bootloader binary size 0x6560 bytes. 0xaa0 bytes (9%) free.
[3/10] No install step for 'bootloader'
[4/10] Completed 'bootloader'
[5/10] Building C object esp-idf/main/CMakeFiles/__idf_main.dir/PWM.c.obj
[6/10] Linking C static library esp-idf\main\libmain.a
[7/10] Generating ld/sections.ld
[8/10] Linking CXX executable control_1.3.elf
FAILED: control_1.3.elf 
C:\WINDOWS\system32\cmd.exe /C "cd . && C:\Espressif\tools\xtensa-esp-elf\esp-14.2.0_20241119\xtensa-esp-elf\bin\xtensa-esp32-elf-g++.exe -mlongcalls -Wno-frame-address  -fno-builtin-memcpy -fno-builtin-memset -fno-builtin-bzero -fno-builtin-stpcpy -fno-builtin-strncpy -Wl,--cref -Wl,--defsym=IDF_TARGET_ESP32=0 -Wl,--Map=C:/Espressif/frameworks/esp-idf-v5.4/Project_Code/main_controler_1.1/control_1.3/build/control_1.3.map -Wl,--no-warn-rwx-segments -Wl,--orphan-handling=warn -fno-rtti -fno-lto -Wl,--gc-sections -Wl,--warn-common -T esp32.peripherals.ld -T esp32.rom.ld -T esp32.rom.api.ld -T esp32.rom.libgcc.ld -T esp32.rom.newlib-data.ld -T esp32.rom.syscalls.ld -T esp32.rom.newlib-funcs.ld -T memory.ld -T sections.ld @CMakeFiles\control_1.3.elf.rsp -o control_1.3.elf && cd ."
C:/Espressif/tools/xtensa-esp-elf/esp-14.2.0_20241119/xtensa-esp-elf/bin/../lib/gcc/xtensa-esp-elf/14.2.0/../../../../xtensa-esp-elf/bin/ld.exe: esp-idf/main/libmain.a(motor_command.c.obj):(.literal.IDLE_gait+0xc): undefined reference to `phaseA_remaining'
C:/Espressif/tools/xtensa-esp-elf/esp-14.2.0_20241119/xtensa-esp-elf/bin/../lib/gcc/xtensa-esp-elf/14.2.0/../../../../xtensa-esp-elf/bin/ld.exe: esp-idf/main/libmain.a(motor_command.c.obj):(.literal.IDLE_gait+0x18): undefined reference to `phaseB_remaining'
collect2.exe: error: ld returned 1 exit status
ninja: build stopped: subcommand failed.
